OK - Network provisioning exists
OK - Network baremetal exists
OK - Kubernetes cluster reachable

OK - Fetch CRDs
OK - CRD clusters.cluster.x-k8s.io created
OK - CRD kubeadmconfigs.bootstrap.cluster.x-k8s.io created
OK - CRD kubeadmconfigtemplates.bootstrap.cluster.x-k8s.io created
OK - CRD machinedeployments.cluster.x-k8s.io created
OK - CRD machines.cluster.x-k8s.io created
OK - CRD machinesets.cluster.x-k8s.io created
OK - CRD baremetalhosts.metal3.io created

Error from server (NotFound): deployments.apps "capm3-controller-manager" not found
Error from server (NotFound): deployments.apps "capi-controller-manager" not found
Error from server (NotFound): deployments.apps "capi-kubeadm-bootstrap-controller-manager" not found
Error from server (NotFound): deployments.apps "capi-kubeadm-control-plane-controller-manager" not found
   - Waiting for task completion (up to 2400 seconds)  - Command: 'check_k8s_entity deployments capm3-system:capm3-controller-manager   capi-system:capi-controller-manager   capi-kubeadm-bootstrap-system:capi-kubeadm-bootstrap-controller-manager   capi-kubeadm-control-plane-system:capi-kubeadm-control-plane-controller-manager   baremetal-operator-system:baremetal-operator-controller-manager'
Error from server (NotFound): deployments.apps "capm3-controller-manager" not found
Error from server (NotFound): deployments.apps "capi-controller-manager" not found
Error from server (NotFound): deployments.apps "capi-kubeadm-bootstrap-controller-manager" not found
Error from server (NotFound): deployments.apps "capi-kubeadm-control-plane-controller-manager" not found
Error from server (NotFound): deployments.apps "capm3-controller-manager" not found
Error from server (NotFound): deployments.apps "capi-controller-manager" not found
Error from server (NotFound): deployments.apps "capi-kubeadm-bootstrap-controller-manager" not found
Error from server (NotFound): deployments.apps "capi-kubeadm-control-plane-controller-manager" not found
Error from server (NotFound): deployments.apps "capm3-controller-manager" not found
Error from server (NotFound): deployments.apps "capi-controller-manager" not found
Error from server (NotFound): deployments.apps "capi-kubeadm-bootstrap-controller-manager" not found
Error from server (NotFound): deployments.apps "capi-kubeadm-control-plane-controller-manager" not found
Error from server (NotFound): deployments.apps "capm3-controller-manager" not found
Error from server (NotFound): deployments.apps "capi-controller-manager" not found
Error from server (NotFound): deployments.apps "capi-kubeadm-bootstrap-controller-manager" not found
Error from server (NotFound): deployments.apps "capi-kubeadm-control-plane-controller-manager" not found
Error from server (NotFound): deployments.apps "capm3-controller-manager" not found
Error from server (NotFound): deployments.apps "capi-controller-manager" not found
Error from server (NotFound): deployments.apps "capi-kubeadm-bootstrap-controller-manager" not found
Error from server (NotFound): deployments.apps "capi-kubeadm-control-plane-controller-manager" not found
Error from server (NotFound): deployments.apps "capm3-controller-manager" not found
Error from server (NotFound): deployments.apps "capi-controller-manager" not found
Error from server (NotFound): deployments.apps "capi-kubeadm-bootstrap-controller-manager" not found
Error from server (NotFound): deployments.apps "capi-kubeadm-control-plane-controller-manager" not found
Error from server (NotFound): deployments.apps "capm3-controller-manager" not found
Error from server (NotFound): deployments.apps "capi-controller-manager" not found
Error from server (NotFound): deployments.apps "capi-kubeadm-bootstrap-controller-manager" not found
Error from server (NotFound): deployments.apps "capi-kubeadm-control-plane-controller-manager" not found
Error from server (NotFound): deployments.apps "capm3-controller-manager" not found
Error from server (NotFound): deployments.apps "capi-controller-manager" not found
Error from server (NotFound): deployments.apps "capi-kubeadm-bootstrap-controller-manager" not found
Error from server (NotFound): deployments.apps "capi-kubeadm-control-plane-controller-manager" not found
Error from server (NotFound): deployments.apps "capm3-controller-manager" not found
Error from server (NotFound): deployments.apps "capi-controller-manager" not found
Error from server (NotFound): deployments.apps "capi-kubeadm-bootstrap-controller-manager" not found
Error from server (NotFound): deployments.apps "capi-kubeadm-control-plane-controller-manager" not found
Error from server (NotFound): deployments.apps "capm3-controller-manager" not found
Error from server (NotFound): deployments.apps "capi-controller-manager" not found
Error from server (NotFound): deployments.apps "capi-kubeadm-bootstrap-controller-manager" not found
Error from server (NotFound): deployments.apps "capi-kubeadm-control-plane-controller-manager" not found
Error from server (NotFound): deployments.apps "capm3-controller-manager" not found
Error from server (NotFound): deployments.apps "capi-controller-manager" not found
Error from server (NotFound): deployments.apps "capi-kubeadm-bootstrap-controller-manager" not found
Error from server (NotFound): deployments.apps "capi-kubeadm-control-plane-controller-manager" not found
Error from server (NotFound): deployments.apps "capm3-controller-manager" not found
Error from server (NotFound): deployments.apps "capi-controller-manager" not found
Error from server (NotFound): deployments.apps "capi-kubeadm-bootstrap-controller-manager" not found
Error from server (NotFound): deployments.apps "capi-kubeadm-control-plane-controller-manager" not found
Error from server (NotFound): deployments.apps "capm3-controller-manager" not found
Error from server (NotFound): deployments.apps "capi-controller-manager" not found
Error from server (NotFound): deployments.apps "capi-kubeadm-bootstrap-controller-manager" not found
Error from server (NotFound): deployments.apps "capi-kubeadm-control-plane-controller-manager" not found
Error from server (NotFound): deployments.apps "capm3-controller-manager" not found
Error from server (NotFound): deployments.apps "capi-controller-manager" not found
Error from server (NotFound): deployments.apps "capi-kubeadm-bootstrap-controller-manager" not found
Error from server (NotFound): deployments.apps "capi-kubeadm-control-plane-controller-manager" not found
Error from server (NotFound): deployments.apps "capm3-controller-manager" not found
Error from server (NotFound): deployments.apps "capi-controller-manager" not found
Error from server (NotFound): deployments.apps "capi-kubeadm-bootstrap-controller-manager" not found
Error from server (NotFound): deployments.apps "capi-kubeadm-control-plane-controller-manager" not found
Error from server (NotFound): deployments.apps "capm3-controller-manager" not found
Error from server (NotFound): deployments.apps "capi-controller-manager" not found
Error from server (NotFound): deployments.apps "capi-kubeadm-bootstrap-controller-manager" not found
Error from server (NotFound): deployments.apps "capi-kubeadm-control-plane-controller-manager" not found
Error from server (NotFound): deployments.apps "capm3-controller-manager" not found
Error from server (NotFound): deployments.apps "capi-controller-manager" not found
Error from server (NotFound): deployments.apps "capi-kubeadm-bootstrap-controller-manager" not found
Error from server (NotFound): deployments.apps "capi-kubeadm-control-plane-controller-manager" not found
Error from server (NotFound): deployments.apps "capm3-controller-manager" not found
Error from server (NotFound): deployments.apps "capi-controller-manager" not found
Error from server (NotFound): deployments.apps "capi-kubeadm-bootstrap-controller-manager" not found
Error from server (NotFound): deployments.apps "capi-kubeadm-control-plane-controller-manager" not found
Error from server (NotFound): deployments.apps "capm3-controller-manager" not found
Error from server (NotFound): deployments.apps "capi-controller-manager" not found
Error from server (NotFound): deployments.apps "capi-kubeadm-bootstrap-controller-manager" not found
Error from server (NotFound): deployments.apps "capi-kubeadm-control-plane-controller-manager" not found
Error from server (NotFound): deployments.apps "capm3-controller-manager" not found
Error from server (NotFound): deployments.apps "capi-controller-manager" not found
Error from server (NotFound): deployments.apps "capi-kubeadm-bootstrap-controller-manager" not found
Error from server (NotFound): deployments.apps "capi-kubeadm-control-plane-controller-manager" not found
Error from server (NotFound): deployments.apps "capm3-controller-manager" not found
Error from server (NotFound): deployments.apps "capi-controller-manager" not found
Error from server (NotFound): deployments.apps "capi-kubeadm-bootstrap-controller-manager" not found
Error from server (NotFound): deployments.apps "capi-kubeadm-control-plane-controller-manager" not found
Error from server (NotFound): deployments.apps "capm3-controller-manager" not found
Error from server (NotFound): deployments.apps "capi-controller-manager" not found
Error from server (NotFound): deployments.apps "capi-kubeadm-bootstrap-controller-manager" not found
Error from server (NotFound): deployments.apps "capi-kubeadm-control-plane-controller-manager" not found
Error from server (NotFound): deployments.apps "capm3-controller-manager" not found
Error from server (NotFound): deployments.apps "capi-controller-manager" not found
Error from server (NotFound): deployments.apps "capi-kubeadm-bootstrap-controller-manager" not found
Error from server (NotFound): deployments.apps "capi-kubeadm-control-plane-controller-manager" not found
Error from server (NotFound): deployments.apps "capm3-controller-manager" not found
Error from server (NotFound): deployments.apps "capi-controller-manager" not found
Error from server (NotFound): deployments.apps "capi-kubeadm-bootstrap-controller-manager" not found
Error from server (NotFound): deployments.apps "capi-kubeadm-control-plane-controller-manager" not found
Error from server (NotFound): deployments.apps "capm3-controller-manager" not found
Error from server (NotFound): deployments.apps "capi-controller-manager" not found
Error from server (NotFound): deployments.apps "capi-kubeadm-bootstrap-controller-manager" not found
Error from server (NotFound): deployments.apps "capi-kubeadm-control-plane-controller-manager" not found
Error from server (NotFound): deployments.apps "capm3-controller-manager" not found
Error from server (NotFound): deployments.apps "capi-controller-manager" not found
Error from server (NotFound): deployments.apps "capi-kubeadm-bootstrap-controller-manager" not found
Error from server (NotFound): deployments.apps "capi-kubeadm-control-plane-controller-manager" not found
Error from server (NotFound): deployments.apps "capm3-controller-manager" not found
Error from server (NotFound): deployments.apps "capi-controller-manager" not found
Error from server (NotFound): deployments.apps "capi-kubeadm-bootstrap-controller-manager" not found
Error from server (NotFound): deployments.apps "capi-kubeadm-control-plane-controller-manager" not found
Error from server (NotFound): deployments.apps "capm3-controller-manager" not found
Error from server (NotFound): deployments.apps "capi-controller-manager" not found
Error from server (NotFound): deployments.apps "capi-kubeadm-bootstrap-controller-manager" not found
Error from server (NotFound): deployments.apps "capi-kubeadm-control-plane-controller-manager" not found
Error from server (NotFound): deployments.apps "capm3-controller-manager" not found
Error from server (NotFound): deployments.apps "capi-controller-manager" not found
Error from server (NotFound): deployments.apps "capi-kubeadm-bootstrap-controller-manager" not found
Error from server (NotFound): deployments.apps "capi-kubeadm-control-plane-controller-manager" not found
Error from server (NotFound): deployments.apps "capm3-controller-manager" not found
Error from server (NotFound): deployments.apps "capi-controller-manager" not found
Error from server (NotFound): deployments.apps "capi-kubeadm-bootstrap-controller-manager" not found
Error from server (NotFound): deployments.apps "capi-kubeadm-control-plane-controller-manager" not found
Error from server (NotFound): deployments.apps "capm3-controller-manager" not found
Error from server (NotFound): deployments.apps "capi-controller-manager" not found
Error from server (NotFound): deployments.apps "capi-kubeadm-bootstrap-controller-manager" not found
Error from server (NotFound): deployments.apps "capi-kubeadm-control-plane-controller-manager" not found
Error from server (NotFound): deployments.apps "capm3-controller-manager" not found
Error from server (NotFound): deployments.apps "capi-controller-manager" not found
Error from server (NotFound): deployments.apps "capi-kubeadm-bootstrap-controller-manager" not found
Error from server (NotFound): deployments.apps "capi-kubeadm-control-plane-controller-manager" not found
