+ source lib/common.sh
++ [[ :/home/capm3/.krew/bin:/usr/local/sbin:/usr/local/bin:/usr/sbin:/usr/bin:/sbin:/bin:/usr/games:/usr/local/games:/snap/bin:/usr/local/go/bin: != *\:\/\u\s\r\/\l\o\c\a\l\/\g\o\/\b\i\n\:* ]]
+++ go env
++ eval 'GO111MODULE=""
GOARCH="amd64"
GOBIN=""
GOCACHE="/home/capm3/.cache/go-build"
GOENV="/home/capm3/.config/go/env"
GOEXE=""
GOFLAGS=""
GOHOSTARCH="amd64"
GOHOSTOS="linux"
GOINSECURE=""
GOMODCACHE="/home/capm3/go/pkg/mod"
GONOPROXY=""
GONOSUMDB=""
GOOS="linux"
GOPATH="/home/capm3/go"
GOPRIVATE=""
GOPROXY="https://proxy.golang.org,direct"
GOROOT="/usr/local/go"
GOSUMDB="sum.golang.org"
GOTMPDIR=""
GOTOOLDIR="/usr/local/go/pkg/tool/linux_amd64"
GOVCS=""
GOVERSION="go1.16.7"
GCCGO="gccgo"
AR="ar"
CC="gcc"
CXX="g++"
CGO_ENABLED="1"
GOMOD="/dev/null"
CGO_CFLAGS="-g -O2"
CGO_CPPFLAGS=""
CGO_CXXFLAGS="-g -O2"
CGO_FFLAGS="-g -O2"
CGO_LDFLAGS="-g -O2"
PKG_CONFIG="pkg-config"
GOGCCFLAGS="-fPIC -m64 -pthread -fmessage-length=0 -fdebug-prefix-map=/tmp/go-build2692997756=/tmp/go-build -gno-record-gcc-switches"'
+++ GO111MODULE=
+++ GOARCH=amd64
+++ GOBIN=
+++ GOCACHE=/home/capm3/.cache/go-build
+++ GOENV=/home/capm3/.config/go/env
+++ GOEXE=
+++ GOFLAGS=
+++ GOHOSTARCH=amd64
+++ GOHOSTOS=linux
+++ GOINSECURE=
+++ GOMODCACHE=/home/capm3/go/pkg/mod
+++ GONOPROXY=
+++ GONOSUMDB=
+++ GOOS=linux
+++ GOPATH=/home/capm3/go
+++ GOPRIVATE=
+++ GOPROXY=https://proxy.golang.org,direct
+++ GOROOT=/usr/local/go
+++ GOSUMDB=sum.golang.org
+++ GOTMPDIR=
+++ GOTOOLDIR=/usr/local/go/pkg/tool/linux_amd64
+++ GOVCS=
+++ GOVERSION=go1.16.7
+++ GCCGO=gccgo
+++ AR=ar
+++ CC=gcc
+++ CXX=g++
+++ CGO_ENABLED=1
+++ GOMOD=/dev/null
+++ CGO_CFLAGS='-g -O2'
+++ CGO_CPPFLAGS=
+++ CGO_CXXFLAGS='-g -O2'
+++ CGO_FFLAGS='-g -O2'
+++ CGO_LDFLAGS='-g -O2'
+++ PKG_CONFIG=pkg-config
+++ GOGCCFLAGS='-fPIC -m64 -pthread -fmessage-length=0 -fdebug-prefix-map=/tmp/go-build2692997756=/tmp/go-build -gno-record-gcc-switches'
++ export GOPATH
++++ dirname lib/common.sh
+++ cd lib/..
+++ pwd
++ SCRIPTDIR=/home/capm3/projects/metal3-dev-env
+++ whoami
++ USER=capm3
++ export USER=capm3
++ USER=capm3
++ '[' -z '' ']'
++ '[' '!' -f /home/capm3/projects/metal3-dev-env/config_capm3.sh ']'
++ CONFIG=/home/capm3/projects/metal3-dev-env/config_capm3.sh
++ source /home/capm3/projects/metal3-dev-env/config_capm3.sh
+++ export KUBECONFIG=/home/capm3/.kube/config
+++ KUBECONFIG=/home/capm3/.kube/config
+++ export K8S_AUTH_KUBECONFIG=/home/capm3/.kube/config
+++ K8S_AUTH_KUBECONFIG=/home/capm3/.kube/config
+++ export IMAGE_OS=Ubuntu
+++ IMAGE_OS=Ubuntu
+++ export EPHEMERAL_CLUSTER=kind
+++ EPHEMERAL_CLUSTER=kind
+++ export CONTAINER_RUNTIME=docker
+++ CONTAINER_RUNTIME=docker
+++ export NUM_NODES=4
+++ NUM_NODES=4
+++ export CAPM3_VERSION=v1alpha5
+++ CAPM3_VERSION=v1alpha5
+++ export CAPI_VERSION=v1alpha4
+++ CAPI_VERSION=v1alpha4
+++ export KUBERNETES_VERSION=v1.21.1
+++ KUBERNETES_VERSION=v1.21.1
+++ export UPGRADED_K8S_VERSION=v1.22.2
+++ UPGRADED_K8S_VERSION=v1.22.2
+++ export IMAGE_USERNAME=metal3
+++ IMAGE_USERNAME=metal3
++ export MARIADB_HOST=mariaDB
++ MARIADB_HOST=mariaDB
++ export MARIADB_HOST_IP=127.0.0.1
++ MARIADB_HOST_IP=127.0.0.1
++ ADDN_DNS=
++ EXT_IF=
++ PRO_IF=
++ MANAGE_BR_BRIDGE=y
++ MANAGE_PRO_BRIDGE=y
++ MANAGE_INT_BRIDGE=y
++ INT_IF=
++ ROOT_DISK_NAME=/dev/sda
++ NODE_HOSTNAME_FORMAT=node-%d
++ source /etc/os-release
+++ NAME=Ubuntu
+++ VERSION='20.04.3 LTS (Focal Fossa)'
+++ ID=ubuntu
+++ ID_LIKE=debian
+++ PRETTY_NAME='Ubuntu 20.04.3 LTS'
+++ VERSION_ID=20.04
+++ HOME_URL=https://www.ubuntu.com/
+++ SUPPORT_URL=https://help.ubuntu.com/
+++ BUG_REPORT_URL=https://bugs.launchpad.net/ubuntu/
+++ PRIVACY_POLICY_URL=https://www.ubuntu.com/legal/terms-and-policies/privacy-policy
+++ VERSION_CODENAME=focal
+++ UBUNTU_CODENAME=focal
++ export DISTRO=ubuntu20
++ DISTRO=ubuntu20
++ export OS=ubuntu
++ OS=ubuntu
++ export OS_VERSION_ID=20.04
++ OS_VERSION_ID=20.04
++ SUPPORTED_DISTROS=(centos8 rhel8 ubuntu18 ubuntu20)
++ export SUPPORTED_DISTROS
++ [[ ! centos8 rhel8 ubuntu18 ubuntu20 =~ ubuntu20 ]]
++ [[ ubuntu == ubuntu ]]
++ export CONTAINER_RUNTIME=docker
++ CONTAINER_RUNTIME=docker
++ [[ docker == \p\o\d\m\a\n ]]
++ export POD_NAME=
++ POD_NAME=
++ export POD_NAME_INFRA=
++ POD_NAME_INFRA=
++ export SSH_KEY=/home/capm3/.ssh/id_rsa
++ SSH_KEY=/home/capm3/.ssh/id_rsa
++ export SSH_PUB_KEY=/home/capm3/.ssh/id_rsa.pub
++ SSH_PUB_KEY=/home/capm3/.ssh/id_rsa.pub
++ '[' '!' -f /home/capm3/.ssh/id_rsa ']'
++ FILESYSTEM=/
++ CAPM3_VERSION_LIST='v1alpha4 v1alpha5 v1beta1'
++ export CAPM3_VERSION=v1alpha5
++ CAPM3_VERSION=v1alpha5
++ '[' v1alpha5 == v1alpha4 ']'
++ '[' v1alpha5 == v1alpha5 ']'
++ export CAPI_VERSION=v1alpha4
++ CAPI_VERSION=v1alpha4
++ export M3PATH=/home/capm3/go/src/github.com/metal3-io
++ M3PATH=/home/capm3/go/src/github.com/metal3-io
++ export BMOPATH=/home/capm3/go/src/github.com/metal3-io/baremetal-operator
++ BMOPATH=/home/capm3/go/src/github.com/metal3-io/baremetal-operator
++ export RUN_LOCAL_IRONIC_SCRIPT=/home/capm3/go/src/github.com/metal3-io/baremetal-operator/tools/run_local_ironic.sh
++ RUN_LOCAL_IRONIC_SCRIPT=/home/capm3/go/src/github.com/metal3-io/baremetal-operator/tools/run_local_ironic.sh
++ export CAPM3PATH=/home/capm3/go/src/github.com/metal3-io/cluster-api-provider-metal3
++ CAPM3PATH=/home/capm3/go/src/github.com/metal3-io/cluster-api-provider-metal3
++ export CAPM3_BASE_URL=metal3-io/cluster-api-provider-metal3
++ CAPM3_BASE_URL=metal3-io/cluster-api-provider-metal3
++ export CAPM3REPO=https://github.com/metal3-io/cluster-api-provider-metal3
++ CAPM3REPO=https://github.com/metal3-io/cluster-api-provider-metal3
++ export IPAMPATH=/home/capm3/go/src/github.com/metal3-io/ip-address-manager
++ IPAMPATH=/home/capm3/go/src/github.com/metal3-io/ip-address-manager
++ export IPAM_BASE_URL=metal3-io/ip-address-manager
++ IPAM_BASE_URL=metal3-io/ip-address-manager
++ export IPAMREPO=https://github.com/metal3-io/ip-address-manager
++ IPAMREPO=https://github.com/metal3-io/ip-address-manager
++ '[' v1alpha4 == v1alpha3 ']'
++ '[' v1alpha4 == v1alpha4 ']'
++ IPAMBRANCH=release-0.1
++ IPA_DOWNLOAD_ENABLED=true
++ CAPI_BASE_URL=kubernetes-sigs/cluster-api
++ '[' v1alpha5 == v1alpha4 ']'
++ '[' v1alpha5 == v1alpha5 ']'
++ CAPM3BRANCH=release-0.5
++ BMOREPO=https://github.com/metal3-io/baremetal-operator.git
++ BMOBRANCH=master
++ FORCE_REPO_UPDATE=true
++ BMOCOMMIT=HEAD
++ BMO_RUN_LOCAL=false
++ CAPM3_RUN_LOCAL=false
++ WORKING_DIR=/opt/metal3-dev-env
++ NODES_FILE=/opt/metal3-dev-env/ironic_nodes.json
++ NODES_PLATFORM=libvirt
++ export NAMESPACE=metal3
++ NAMESPACE=metal3
++ export NUM_NODES=4
++ NUM_NODES=4
++ export NUM_OF_MASTER_REPLICAS=1
++ NUM_OF_MASTER_REPLICAS=1
++ export NUM_OF_WORKER_REPLICAS=1
++ NUM_OF_WORKER_REPLICAS=1
++ export VM_EXTRADISKS=false
++ VM_EXTRADISKS=false
++ export VM_EXTRADISKS_FILE_SYSTEM=ext4
++ VM_EXTRADISKS_FILE_SYSTEM=ext4
++ export VM_EXTRADISKS_MOUNT_DIR=/mnt/disk2
++ VM_EXTRADISKS_MOUNT_DIR=/mnt/disk2
++ export NODE_DRAIN_TIMEOUT=0s
++ NODE_DRAIN_TIMEOUT=0s
++ export MAX_SURGE_VALUE=1
++ MAX_SURGE_VALUE=1
++ export DOCKER_REGISTRY_IMAGE=registry:2.7.1
++ DOCKER_REGISTRY_IMAGE=registry:2.7.1
++ export CONTAINER_REGISTRY=quay.io
++ CONTAINER_REGISTRY=quay.io
++ export VBMC_IMAGE=quay.io/metal3-io/vbmc
++ VBMC_IMAGE=quay.io/metal3-io/vbmc
++ export SUSHY_TOOLS_IMAGE=quay.io/metal3-io/sushy-tools
++ SUSHY_TOOLS_IMAGE=quay.io/metal3-io/sushy-tools
++ export IRONIC_TLS_SETUP=true
++ IRONIC_TLS_SETUP=true
++ export IRONIC_BASIC_AUTH=true
++ IRONIC_BASIC_AUTH=true
++ export IPA_DOWNLOADER_IMAGE=quay.io/metal3-io/ironic-ipa-downloader
++ IPA_DOWNLOADER_IMAGE=quay.io/metal3-io/ironic-ipa-downloader
++ export IRONIC_IMAGE=quay.io/metal3-io/ironic
++ IRONIC_IMAGE=quay.io/metal3-io/ironic
++ export IRONIC_CLIENT_IMAGE=quay.io/metal3-io/ironic-client
++ IRONIC_CLIENT_IMAGE=quay.io/metal3-io/ironic-client
++ export IRONIC_DATA_DIR=/opt/metal3-dev-env/ironic
++ IRONIC_DATA_DIR=/opt/metal3-dev-env/ironic
++ export IRONIC_IMAGE_DIR=/opt/metal3-dev-env/ironic/html/images
++ IRONIC_IMAGE_DIR=/opt/metal3-dev-env/ironic/html/images
++ export IRONIC_KEEPALIVED_IMAGE=quay.io/metal3-io/keepalived
++ IRONIC_KEEPALIVED_IMAGE=quay.io/metal3-io/keepalived
++ '[' v1alpha5 == v1alpha4 ']'
++ export IRONIC_NAMESPACE=baremetal-operator-system
++ IRONIC_NAMESPACE=baremetal-operator-system
++ export NAMEPREFIX=baremetal-operator
++ NAMEPREFIX=baremetal-operator
++ export RESTART_CONTAINER_CERTIFICATE_UPDATED=true
++ RESTART_CONTAINER_CERTIFICATE_UPDATED=true
++ export BAREMETAL_OPERATOR_IMAGE=quay.io/metal3-io/baremetal-operator
++ BAREMETAL_OPERATOR_IMAGE=quay.io/metal3-io/baremetal-operator
++ export OPENSTACK_CONFIG=/home/capm3/.config/openstack/clouds.yaml
++ OPENSTACK_CONFIG=/home/capm3/.config/openstack/clouds.yaml
++ '[' v1alpha5 == v1alpha4 ']'
++ '[' v1alpha5 == v1alpha5 ']'
++ export CAPM3_IMAGE=quay.io/metal3-io/cluster-api-provider-metal3:release-0.5
++ CAPM3_IMAGE=quay.io/metal3-io/cluster-api-provider-metal3:release-0.5
++ export IPAM_IMAGE=quay.io/metal3-io/ip-address-manager:release-0.1
++ IPAM_IMAGE=quay.io/metal3-io/ip-address-manager:release-0.1
++ export DEFAULT_HOSTS_MEMORY=4096
++ DEFAULT_HOSTS_MEMORY=4096
++ export CLUSTER_NAME=test1
++ CLUSTER_NAME=test1
++ export CLUSTER_APIENDPOINT_IP=192.168.111.249
++ CLUSTER_APIENDPOINT_IP=192.168.111.249
++ export KUBERNETES_VERSION=v1.21.1
++ KUBERNETES_VERSION=v1.21.1
++ export KUBERNETES_BINARIES_VERSION=v1.21.1
++ KUBERNETES_BINARIES_VERSION=v1.21.1
++ export KUBERNETES_BINARIES_CONFIG_VERSION=v0.2.7
++ KUBERNETES_BINARIES_CONFIG_VERSION=v0.2.7
++ '[' docker == docker ']'
++ export EPHEMERAL_CLUSTER=kind
++ EPHEMERAL_CLUSTER=kind
++ export KUSTOMIZE_VERSION=v4.1.3
++ KUSTOMIZE_VERSION=v4.1.3
++ export KIND_VERSION=v0.11.1
++ KIND_VERSION=v0.11.1
++ '[' v1.21.1 == v1.21.2 ']'
++ export KIND_NODE_IMAGE_VERSION=v1.22.2
++ KIND_NODE_IMAGE_VERSION=v1.22.2
++ export MINIKUBE_VERSION=v1.23.2
++ MINIKUBE_VERSION=v1.23.2
++ export ANSIBLE_VERSION=4.8.0
++ ANSIBLE_VERSION=4.8.0
++ SKIP_RETRIES=false
++ TEST_TIME_INTERVAL=10
++ TEST_MAX_TIME=240
++ FAILS=0
++ RESULT_STR=
++ export ANSIBLE_DISPLAY_SKIPPED_HOSTS=no
++ ANSIBLE_DISPLAY_SKIPPED_HOSTS=no
++ '[' 4 -lt 2 ']'
++ export LIBVIRT_DEFAULT_URI=qemu:///system
++ LIBVIRT_DEFAULT_URI=qemu:///system
++ '[' capm3 '!=' root ']'
++ '[' /run/user/1000 == /run/user/0 ']'
++ sudo -n uptime
++ export USE_FIREWALLD=False
++ USE_FIREWALLD=False
++ [[ ubuntu20 == \r\h\e\l\8 ]]
++ [[ ubuntu20 == \c\e\n\t\o\s\8 ]]
+++ df / --output=fstype
+++ tail -n 1
++ FSTYPE=ext4
++ case ${FSTYPE} in
++ '[' '!' -d /opt/metal3-dev-env ']'
+ remove_ironic_containers
+ for name in ipa-downloader vbmc sushy-tools httpd-infra
+ sudo docker ps
+ grep -w 'ipa-downloader$'
+ true
+ sudo docker ps --all
+ grep -w 'ipa-downloader$'
+ true
+ for name in ipa-downloader vbmc sushy-tools httpd-infra
+ sudo docker ps
+ grep -w 'vbmc$'
+ true
+ sudo docker ps --all
+ grep -w 'vbmc$'
+ true
+ for name in ipa-downloader vbmc sushy-tools httpd-infra
+ sudo docker ps
+ grep -w 'sushy-tools$'
+ true
+ sudo docker ps --all
+ grep -w 'sushy-tools$'
+ true
+ for name in ipa-downloader vbmc sushy-tools httpd-infra
+ sudo docker ps
+ grep -w 'httpd-infra$'
+ true
+ sudo docker ps --all
+ grep -w 'httpd-infra$'
+ true
+ [[ docker == \p\o\d\m\a\n ]]
+ '[' false = true ']'
+ '[' false = true ']'
+ ANSIBLE_FORCE_COLOR=true
+ ansible-playbook -e working_dir=/opt/metal3-dev-env -e num_nodes=4 -e extradisks=false -e virthost=capm3 -e manage_baremetal=y -e nodes_file=/opt/metal3-dev-env/ironic_nodes.json -i vm-setup/inventory.ini -b -v vm-setup/teardown-playbook.yml
[0;34mUsing /home/capm3/projects/metal3-dev-env/ansible.cfg as config file[0m
[0;35m[DEPRECATION WARNING]: [defaults]callback_whitelist option, normalizing names [0m
[0;35mto new standard, use callbacks_enabled instead. This feature will be removed [0m
[0;35mfrom ansible-core in version 2.15. Deprecation warnings can be disabled by [0m
[0;35msetting deprecation_warnings=False in ansible.cfg.[0m

PLAY [Teardown previous libvirt setup] *****************************************
Wednesday 10 November 2021  15:48:27 +0000 (0:00:00.035)       0:00:00.035 **** 

TASK [Gathering Facts] *********************************************************
[0;32mok: [localhost][0m
Wednesday 10 November 2021  15:48:29 +0000 (0:00:01.677)       0:00:01.713 **** 

TASK [common : set_fact] *******************************************************
[0;32mok: [localhost] => {"ansible_facts": {"generate_vm_nodes": true}, "changed": false}[0m
Wednesday 10 November 2021  15:48:29 +0000 (0:00:00.127)       0:00:01.841 **** 

TASK [common : Set an empty default for vm_nodes if not already defined] *******
[0;32mok: [localhost] => {"ansible_facts": {"vm_nodes": []}, "changed": false}[0m
Wednesday 10 November 2021  15:48:29 +0000 (0:00:00.044)       0:00:01.886 **** 

TASK [common : Populate vm_nodes if not already defined] ***********************
[0;36mincluded: /home/capm3/projects/metal3-dev-env/vm-setup/roles/common/tasks/vm_nodes_tasks.yml for localhost => (item={'key': 'node', 'value': {'memory': '8192', 'disk': '50', 'vcpu': '2', 'extradisks': False}})[0m
Wednesday 10 November 2021  15:48:29 +0000 (0:00:00.100)       0:00:01.987 **** 

TASK [common : set_fact] *******************************************************
[0;32mok: [localhost] => {"ansible_facts": {"vm_nodes_index": "0"}, "changed": false}[0m
Wednesday 10 November 2021  15:48:29 +0000 (0:00:00.067)       0:00:02.055 **** 

TASK [common : set_fact] *******************************************************
[0;32mok: [localhost] => (item=0) => {"ansible_facts": {"vm_nodes": [{"flavor": "node", "name": "node_0", "virtualbmc_port": 6230}]}, "ansible_loop_var": "item", "changed": false, "item": 0}[0m
[0;32mok: [localhost] => (item=1) => {"ansible_facts": {"vm_nodes": [{"flavor": "node", "name": "node_0", "virtualbmc_port": 6230}, {"flavor": "node", "name": "node_1", "virtualbmc_port": 6231}]}, "ansible_loop_var": "item", "changed": false, "item": 1}[0m
[0;32mok: [localhost] => (item=2) => {"ansible_facts": {"vm_nodes": [{"flavor": "node", "name": "node_0", "virtualbmc_port": 6230}, {"flavor": "node", "name": "node_1", "virtualbmc_port": 6231}, {"flavor": "node", "name": "node_2", "virtualbmc_port": 6232}]}, "ansible_loop_var": "item", "changed": false, "item": 2}[0m
[0;32mok: [localhost] => (item=3) => {"ansible_facts": {"vm_nodes": [{"flavor": "node", "name": "node_0", "virtualbmc_port": 6230}, {"flavor": "node", "name": "node_1", "virtualbmc_port": 6231}, {"flavor": "node", "name": "node_2", "virtualbmc_port": 6232}, {"flavor": "node", "name": "node_3", "virtualbmc_port": 6233}]}, "ansible_loop_var": "item", "changed": false, "item": 3}[0m
Wednesday 10 November 2021  15:48:29 +0000 (0:00:00.141)       0:00:02.196 **** 

TASK [common : set_fact] *******************************************************
[0;32mok: [localhost] => {"ansible_facts": {"vm_nodes_index": "4"}, "changed": false}[0m
Wednesday 10 November 2021  15:48:30 +0000 (0:00:00.070)       0:00:02.267 **** 

TASK [common : debug] **********************************************************
[0;32mok: [localhost] => {[0m
[0;32m    "vm_nodes": [[0m
[0;32m        {[0m
[0;32m            "flavor": "node",[0m
[0;32m            "name": "node_0",[0m
[0;32m            "virtualbmc_port": 6230[0m
[0;32m        },[0m
[0;32m        {[0m
[0;32m            "flavor": "node",[0m
[0;32m            "name": "node_1",[0m
[0;32m            "virtualbmc_port": 6231[0m
[0;32m        },[0m
[0;32m        {[0m
[0;32m            "flavor": "node",[0m
[0;32m            "name": "node_2",[0m
[0;32m            "virtualbmc_port": 6232[0m
[0;32m        },[0m
[0;32m        {[0m
[0;32m            "flavor": "node",[0m
[0;32m            "name": "node_3",[0m
[0;32m            "virtualbmc_port": 6233[0m
[0;32m        }[0m
[0;32m    ][0m
[0;32m}[0m
Wednesday 10 November 2021  15:48:30 +0000 (0:00:00.076)       0:00:02.343 **** 

TASK [common : set_fact] *******************************************************
[0;32mok: [localhost] => {"ansible_facts": {"generate_vm_nodes": false}, "changed": false}[0m
Wednesday 10 November 2021  15:48:30 +0000 (0:00:00.068)       0:00:02.412 **** 
Wednesday 10 November 2021  15:48:30 +0000 (0:00:00.040)       0:00:02.453 **** 
Wednesday 10 November 2021  15:48:30 +0000 (0:00:00.080)       0:00:02.534 **** 
Wednesday 10 November 2021  15:48:30 +0000 (0:00:00.051)       0:00:02.585 **** 
Wednesday 10 November 2021  15:48:30 +0000 (0:00:00.041)       0:00:02.627 **** 
Wednesday 10 November 2021  15:48:30 +0000 (0:00:00.042)       0:00:02.670 **** 
Wednesday 10 November 2021  15:48:30 +0000 (0:00:00.042)       0:00:02.713 **** 

TASK [libvirt : include_tasks] *************************************************
[0;36mincluded: /home/capm3/projects/metal3-dev-env/vm-setup/roles/libvirt/tasks/network_teardown_tasks.yml for localhost[0m
Wednesday 10 November 2021  15:48:30 +0000 (0:00:00.074)       0:00:02.787 **** 
[1;35m[WARNING]: The value '' is not a valid IP address or network, passing this[0m
[1;35mvalue to ipaddr filter might result in breaking change in future.[0m

TASK [libvirt : Stop libvirt networks] *****************************************
[0;32mok: [localhost] => (item={'name': 'provisioning', 'bridge': 'provisioning', 'forward_mode': 'bridge'}) => {"ansible_loop_var": "item", "changed": false, "item": {"bridge": "provisioning", "forward_mode": "bridge", "name": "provisioning"}}[0m
[0;32mok: [localhost] => (item={'name': 'baremetal', 'bridge': 'baremetal', 'forward_mode': 'nat', 'address_v4': '', 'netmask_v4': False, 'dhcp_range_v4': ['', ''], 'address_v6': '', 'prefix_v6': False, 'dhcp_range_v6': ['', ''], 'lease_expiry': 60, 'nat_port_range': [1024, 65535], 'domain': 'ostest.test.metalkube.org', 'dns': {'hosts': [], 'forwarders': [{'domain': 'apps.ostest.test.metalkube.org', 'addr': '::1'}], 'srvs': []}}) => {"ansible_loop_var": "item", "changed": false, "item": {"address_v4": "", "address_v6": "", "bridge": "baremetal", "dhcp_range_v4": ["", ""], "dhcp_range_v6": ["", ""], "dns": {"forwarders": [{"addr": "::1", "domain": "apps.ostest.test.metalkube.org"}], "hosts": [], "srvs": []}, "domain": "ostest.test.metalkube.org", "forward_mode": "nat", "lease_expiry": 60, "name": "baremetal", "nat_port_range": [1024, 65535], "netmask_v4": false, "prefix_v6": false}}[0m
Wednesday 10 November 2021  15:48:31 +0000 (0:00:01.123)       0:00:03.911 **** 
[1;35m[WARNING]: The value '' is not a valid IP address or network, passing this[0m
[1;35mvalue to ipaddr filter might result in breaking change in future.[0m

TASK [libvirt : Delete libvirt networks] ***************************************
[0;32mok: [localhost] => (item={'name': 'provisioning', 'bridge': 'provisioning', 'forward_mode': 'bridge'}) => {"ansible_loop_var": "item", "changed": false, "item": {"bridge": "provisioning", "forward_mode": "bridge", "name": "provisioning"}}[0m
[0;32mok: [localhost] => (item={'name': 'baremetal', 'bridge': 'baremetal', 'forward_mode': 'nat', 'address_v4': '', 'netmask_v4': False, 'dhcp_range_v4': ['', ''], 'address_v6': '', 'prefix_v6': False, 'dhcp_range_v6': ['', ''], 'lease_expiry': 60, 'nat_port_range': [1024, 65535], 'domain': 'ostest.test.metalkube.org', 'dns': {'hosts': [], 'forwarders': [{'domain': 'apps.ostest.test.metalkube.org', 'addr': '::1'}], 'srvs': []}}) => {"ansible_loop_var": "item", "changed": false, "item": {"address_v4": "", "address_v6": "", "bridge": "baremetal", "dhcp_range_v4": ["", ""], "dhcp_range_v6": ["", ""], "dns": {"forwarders": [{"addr": "::1", "domain": "apps.ostest.test.metalkube.org"}], "hosts": [], "srvs": []}, "domain": "ostest.test.metalkube.org", "forward_mode": "nat", "lease_expiry": 60, "name": "baremetal", "nat_port_range": [1024, 65535], "netmask_v4": false, "prefix_v6": false}}[0m
Wednesday 10 November 2021  15:48:32 +0000 (0:00:00.678)       0:00:04.589 **** 

TASK [libvirt : Delete bridges and veth interfaces on Ubuntu] ******************
[0;33mchanged: [localhost] => {"changed": true, "cmd": "sudo ip link set baremetal down\nsudo ip link set provisioning down\nsudo ip link set ironicendpoint down\nbrctl delbr baremetal || true\nbrctl delbr provisioning || true\nsudo ip link del ironicendpoint || true\n", "delta": "0:00:00.077369", "end": "2021-11-10 15:48:32.778696", "msg": "", "rc": 0, "start": "2021-11-10 15:48:32.701327", "stderr": "Cannot find device \"baremetal\"\nCannot find device \"provisioning\"\nCannot find device \"ironicendpoint\"\nbridge baremetal doesn't exist; can't delete it\nbridge provisioning doesn't exist; can't delete it\nCannot find device \"ironicendpoint\"", "stderr_lines": ["Cannot find device \"baremetal\"", "Cannot find device \"provisioning\"", "Cannot find device \"ironicendpoint\"", "bridge baremetal doesn't exist; can't delete it", "bridge provisioning doesn't exist; can't delete it", "Cannot find device \"ironicendpoint\""], "stdout": "", "stdout_lines": []}[0m
Wednesday 10 November 2021  15:48:32 +0000 (0:00:00.460)       0:00:05.049 **** 

TASK [libvirt : include_tasks] *************************************************
[0;36mincluded: /home/capm3/projects/metal3-dev-env/vm-setup/roles/libvirt/tasks/vm_teardown_tasks.yml for localhost[0m
Wednesday 10 November 2021  15:48:32 +0000 (0:00:00.059)       0:00:05.109 **** 

TASK [libvirt : Check if libvirt is available] *********************************
[0;32mok: [localhost] => {"changed": false, "cmd": ["virsh", "uri"], "delta": "0:00:00.023887", "end": "2021-11-10 15:48:33.118771", "msg": "", "rc": 0, "start": "2021-11-10 15:48:33.094884", "stderr": "", "stderr_lines": [], "stdout": "qemu:///system", "stdout_lines": ["qemu:///system"]}[0m
Wednesday 10 November 2021  15:48:33 +0000 (0:00:00.277)       0:00:05.386 **** 

TASK [libvirt : Check vm vms] **************************************************
[0;31mfailed: [localhost] (item={'name': 'node_0', 'flavor': 'node', 'virtualbmc_port': 6230}) => {"ansible_loop_var": "item", "changed": true, "cmd": ["virsh", "domid", "node_0"], "delta": "0:00:00.025046", "end": "2021-11-10 15:48:33.442826", "item": {"flavor": "node", "name": "node_0", "virtualbmc_port": 6230}, "msg": "non-zero return code", "rc": 1, "start": "2021-11-10 15:48:33.417780", "stderr": "error: failed to get domain 'node_0'", "stderr_lines": ["error: failed to get domain 'node_0'"], "stdout": "", "stdout_lines": []}[0m
[0;31mfailed: [localhost] (item={'name': 'node_1', 'flavor': 'node', 'virtualbmc_port': 6231}) => {"ansible_loop_var": "item", "changed": true, "cmd": ["virsh", "domid", "node_1"], "delta": "0:00:00.025233", "end": "2021-11-10 15:48:33.695271", "item": {"flavor": "node", "name": "node_1", "virtualbmc_port": 6231}, "msg": "non-zero return code", "rc": 1, "start": "2021-11-10 15:48:33.670038", "stderr": "error: failed to get domain 'node_1'", "stderr_lines": ["error: failed to get domain 'node_1'"], "stdout": "", "stdout_lines": []}[0m
[0;31mfailed: [localhost] (item={'name': 'node_2', 'flavor': 'node', 'virtualbmc_port': 6232}) => {"ansible_loop_var": "item", "changed": true, "cmd": ["virsh", "domid", "node_2"], "delta": "0:00:00.022929", "end": "2021-11-10 15:48:33.938879", "item": {"flavor": "node", "name": "node_2", "virtualbmc_port": 6232}, "msg": "non-zero return code", "rc": 1, "start": "2021-11-10 15:48:33.915950", "stderr": "error: failed to get domain 'node_2'", "stderr_lines": ["error: failed to get domain 'node_2'"], "stdout": "", "stdout_lines": []}[0m
[0;31mfailed: [localhost] (item={'name': 'node_3', 'flavor': 'node', 'virtualbmc_port': 6233}) => {"ansible_loop_var": "item", "changed": true, "cmd": ["virsh", "domid", "node_3"], "delta": "0:00:00.023267", "end": "2021-11-10 15:48:34.182654", "item": {"flavor": "node", "name": "node_3", "virtualbmc_port": 6233}, "msg": "non-zero return code", "rc": 1, "start": "2021-11-10 15:48:34.159387", "stderr": "error: failed to get domain 'node_3'", "stderr_lines": ["error: failed to get domain 'node_3'"], "stdout": "", "stdout_lines": []}[0m
[0;36m...ignoring[0m
Wednesday 10 November 2021  15:48:34 +0000 (0:00:01.075)       0:00:06.461 **** 
Wednesday 10 November 2021  15:48:34 +0000 (0:00:00.128)       0:00:06.590 **** 
Wednesday 10 November 2021  15:48:34 +0000 (0:00:00.117)       0:00:06.708 **** 

TASK [libvirt : Delete baremetal vm storage] ***********************************
[0;31mfailed: [localhost] (item={'name': 'node_0', 'flavor': 'node', 'virtualbmc_port': 6230}) => {"ansible_loop_var": "item", "changed": true, "cmd": "virsh vol-dumpxml --pool 'oooq_pool'  'node_0'.qcow2 2>&1 > /dev/null\nvirsh vol-delete --pool 'oooq_pool'  'node_0'.qcow2\n", "delta": "0:00:00.046720", "end": "2021-11-10 15:48:34.760142", "item": {"flavor": "node", "name": "node_0", "virtualbmc_port": 6230}, "msg": "non-zero return code", "rc": 1, "start": "2021-11-10 15:48:34.713422", "stderr": "error: failed to get pool 'oooq_pool'\nerror: Storage pool not found: no storage pool with matching name 'oooq_pool'", "stderr_lines": ["error: failed to get pool 'oooq_pool'", "error: Storage pool not found: no storage pool with matching name 'oooq_pool'"], "stdout": "error: failed to get pool 'oooq_pool'\nerror: Storage pool not found: no storage pool with matching name 'oooq_pool'", "stdout_lines": ["error: failed to get pool 'oooq_pool'", "error: Storage pool not found: no storage pool with matching name 'oooq_pool'"]}[0m
[0;31mfailed: [localhost] (item={'name': 'node_1', 'flavor': 'node', 'virtualbmc_port': 6231}) => {"ansible_loop_var": "item", "changed": true, "cmd": "virsh vol-dumpxml --pool 'oooq_pool'  'node_1'.qcow2 2>&1 > /dev/null\nvirsh vol-delete --pool 'oooq_pool'  'node_1'.qcow2\n", "delta": "0:00:00.041763", "end": "2021-11-10 15:48:35.043978", "item": {"flavor": "node", "name": "node_1", "virtualbmc_port": 6231}, "msg": "non-zero return code", "rc": 1, "start": "2021-11-10 15:48:35.002215", "stderr": "error: failed to get pool 'oooq_pool'\nerror: Storage pool not found: no storage pool with matching name 'oooq_pool'", "stderr_lines": ["error: failed to get pool 'oooq_pool'", "error: Storage pool not found: no storage pool with matching name 'oooq_pool'"], "stdout": "error: failed to get pool 'oooq_pool'\nerror: Storage pool not found: no storage pool with matching name 'oooq_pool'", "stdout_lines": ["error: failed to get pool 'oooq_pool'", "error: Storage pool not found: no storage pool with matching name 'oooq_pool'"]}[0m
[0;31mfailed: [localhost] (item={'name': 'node_2', 'flavor': 'node', 'virtualbmc_port': 6232}) => {"ansible_loop_var": "item", "changed": true, "cmd": "virsh vol-dumpxml --pool 'oooq_pool'  'node_2'.qcow2 2>&1 > /dev/null\nvirsh vol-delete --pool 'oooq_pool'  'node_2'.qcow2\n", "delta": "0:00:00.042880", "end": "2021-11-10 15:48:35.288001", "item": {"flavor": "node", "name": "node_2", "virtualbmc_port": 6232}, "msg": "non-zero return code", "rc": 1, "start": "2021-11-10 15:48:35.245121", "stderr": "error: failed to get pool 'oooq_pool'\nerror: Storage pool not found: no storage pool with matching name 'oooq_pool'", "stderr_lines": ["error: failed to get pool 'oooq_pool'", "error: Storage pool not found: no storage pool with matching name 'oooq_pool'"], "stdout": "error: failed to get pool 'oooq_pool'\nerror: Storage pool not found: no storage pool with matching name 'oooq_pool'", "stdout_lines": ["error: failed to get pool 'oooq_pool'", "error: Storage pool not found: no storage pool with matching name 'oooq_pool'"]}[0m
[0;31mfailed: [localhost] (item={'name': 'node_3', 'flavor': 'node', 'virtualbmc_port': 6233}) => {"ansible_loop_var": "item", "changed": true, "cmd": "virsh vol-dumpxml --pool 'oooq_pool'  'node_3'.qcow2 2>&1 > /dev/null\nvirsh vol-delete --pool 'oooq_pool'  'node_3'.qcow2\n", "delta": "0:00:00.045176", "end": "2021-11-10 15:48:35.542978", "item": {"flavor": "node", "name": "node_3", "virtualbmc_port": 6233}, "msg": "non-zero return code", "rc": 1, "start": "2021-11-10 15:48:35.497802", "stderr": "error: failed to get pool 'oooq_pool'\nerror: Storage pool not found: no storage pool with matching name 'oooq_pool'", "stderr_lines": ["error: failed to get pool 'oooq_pool'", "error: Storage pool not found: no storage pool with matching name 'oooq_pool'"], "stdout": "error: failed to get pool 'oooq_pool'\nerror: Storage pool not found: no storage pool with matching name 'oooq_pool'", "stdout_lines": ["error: failed to get pool 'oooq_pool'", "error: Storage pool not found: no storage pool with matching name 'oooq_pool'"]}[0m
[0;36m...ignoring[0m
Wednesday 10 November 2021  15:48:35 +0000 (0:00:01.108)       0:00:07.817 **** 

TASK [libvirt : Check volume pool] *********************************************
[1;30mtask path: /home/capm3/projects/metal3-dev-env/vm-setup/roles/libvirt/tasks/vm_teardown_tasks.yml:58[0m
[0;31mfatal: [localhost]: FAILED! => {"changed": true, "cmd": ["virsh", "pool-uuid", "oooq_pool"], "delta": "0:00:00.021256", "end": "2021-11-10 15:48:35.839584", "msg": "non-zero return code", "rc": 1, "start": "2021-11-10 15:48:35.818328", "stderr": "error: failed to get pool 'oooq_pool'\nerror: Storage pool not found: no storage pool with matching name 'oooq_pool'", "stderr_lines": ["error: failed to get pool 'oooq_pool'", "error: Storage pool not found: no storage pool with matching name 'oooq_pool'"], "stdout": "", "stdout_lines": []}[0m
[0;36m...ignoring[0m
Wednesday 10 November 2021  15:48:35 +0000 (0:00:00.287)       0:00:08.104 **** 
Wednesday 10 November 2021  15:48:35 +0000 (0:00:00.049)       0:00:08.154 **** 
Wednesday 10 November 2021  15:48:35 +0000 (0:00:00.043)       0:00:08.197 **** 
Wednesday 10 November 2021  15:48:36 +0000 (0:00:00.044)       0:00:08.242 **** 
Wednesday 10 November 2021  15:48:36 +0000 (0:00:00.045)       0:00:08.287 **** 
Wednesday 10 November 2021  15:48:36 +0000 (0:00:00.049)       0:00:08.337 **** 

TASK [libvirt : Remove ironic_nodes.json] **************************************
[0;32mok: [localhost] => {"changed": false, "path": "/opt/metal3-dev-env/ironic_nodes.json", "state": "absent"}[0m
Wednesday 10 November 2021  15:48:36 +0000 (0:00:00.427)       0:00:08.765 **** 
Wednesday 10 November 2021  15:48:36 +0000 (0:00:00.041)       0:00:08.807 **** 

TASK [virtbmc : include_tasks] *************************************************
[0;36mincluded: /home/capm3/projects/metal3-dev-env/vm-setup/roles/virtbmc/tasks/teardown_tasks.yml for localhost[0m
Wednesday 10 November 2021  15:48:36 +0000 (0:00:00.051)       0:00:08.859 **** 

TASK [virtbmc : Remove virtualbmc directories] *********************************
[0;32mok: [localhost] => (item=/etc/virtualbmc) => {"ansible_loop_var": "item", "changed": false, "item": "/etc/virtualbmc", "path": "/etc/virtualbmc", "state": "absent"}[0m
[0;32mok: [localhost] => (item=/var/log/virtualbmc) => {"ansible_loop_var": "item", "changed": false, "item": "/var/log/virtualbmc", "path": "/var/log/virtualbmc", "state": "absent"}[0m
[0;32mok: [localhost] => (item=/root/.vbmc/) => {"ansible_loop_var": "item", "changed": false, "item": "/root/.vbmc/", "path": "/root/.vbmc/", "state": "absent"}[0m
[0;32mok: [localhost] => (item=/opt/metal3-dev-env/virtualbmc) => {"ansible_loop_var": "item", "changed": false, "item": "/opt/metal3-dev-env/virtualbmc", "path": "/opt/metal3-dev-env/virtualbmc", "state": "absent"}[0m
Wednesday 10 November 2021  15:48:37 +0000 (0:00:00.897)       0:00:09.756 **** 

TASK [virtbmc : Stop/disable the Virtual BMCs (virtualbmc >= 1.4.0+) on Ubuntu] ***
[0;33mchanged: [localhost] => {"changed": true, "cmd": "pkill vbmcd || true", "delta": "0:00:00.027007", "end": "2021-11-10 15:48:37.762276", "msg": "", "rc": 0, "start": "2021-11-10 15:48:37.735269", "stderr": "", "stderr_lines": [], "stdout": "", "stdout_lines": []}[0m

PLAY RECAP *********************************************************************
[0;33mlocalhost[0m                  : [0;32mok=22  [0m [0;33mchanged=5   [0m unreachable=0    failed=0    [0;36mskipped=14  [0m rescued=0    [1;35mignored=3   [0m

Wednesday 10 November 2021  15:48:37 +0000 (0:00:00.290)       0:00:10.046 **** 
=============================================================================== 
Gathering Facts --------------------------------------------------------- 1.68s
libvirt : Stop libvirt networks ----------------------------------------- 1.12s
libvirt : Delete baremetal vm storage ----------------------------------- 1.11s
+ '[' False == False ']'
+ ANSIBLE_FORCE_COLOR=true
+ ansible-playbook -e '{use_firewalld: False}' -e 'external_subnet_v4: ' -e firewall_rule_state=absent -i vm-setup/inventory.ini -b -v vm-setup/firewall.yml
[0;34mUsing /home/capm3/projects/metal3-dev-env/ansible.cfg as config file[0m
[0;35m[DEPRECATION WARNING]: [defaults]callback_whitelist option, normalizing names [0m
[0;35mto new standard, use callbacks_enabled instead. This feature will be removed [0m
[0;35mfrom ansible-core in version 2.15. Deprecation warnings can be disabled by [0m
[0;35msetting deprecation_warnings=False in ansible.cfg.[0m

PLAY [Setup dummy baremetal VMs] ***********************************************
Wednesday 10 November 2021  15:48:38 +0000 (0:00:00.032)       0:00:00.032 **** 

TASK [Gathering Facts] *********************************************************
[0;32mok: [localhost][0m
Wednesday 10 November 2021  15:48:39 +0000 (0:00:01.291)       0:00:01.323 **** 
Wednesday 10 November 2021  15:48:39 +0000 (0:00:00.039)       0:00:01.363 **** 

TASK [firewall : iptables] *****************************************************
[0;36mincluded: /home/capm3/projects/metal3-dev-env/vm-setup/roles/firewall/tasks/iptables.yaml for localhost[0m
Wednesday 10 November 2021  15:48:39 +0000 (0:00:00.050)       0:00:01.413 **** 

TASK [firewall : iptables: Firewalld service stopped] **************************
[1;30mtask path: /home/capm3/projects/metal3-dev-env/vm-setup/roles/firewall/tasks/iptables.yaml:1[0m
[0;31mfatal: [localhost]: FAILED! => {"changed": false, "msg": "Could not find the requested service firewalld: host"}[0m
[0;36m...ignoring[0m
Wednesday 10 November 2021  15:48:40 +0000 (0:00:00.616)       0:00:02.030 **** 

TASK [firewall : iptables: VBMC Ports] *****************************************
[0;32mok: [localhost] => {"chain": "INPUT", "changed": false, "flush": false, "ip_version": "ipv4", "rule": "-p udp -m udp -j ACCEPT -i baremetal --destination-port 6230:6235", "state": "absent", "table": "filter"}[0m
Wednesday 10 November 2021  15:48:40 +0000 (0:00:00.423)       0:00:02.453 **** 

TASK [firewall : iptables: sushy Port] *****************************************
[0;32mok: [localhost] => {"chain": "INPUT", "changed": false, "flush": false, "ip_version": "ipv4", "rule": "-p tcp -m tcp -j ACCEPT -i baremetal --destination-port 8000", "state": "absent", "table": "filter"}[0m
Wednesday 10 November 2021  15:48:41 +0000 (0:00:00.288)       0:00:02.741 **** 

TASK [firewall : iptables: Established and related] ****************************
[0;32mok: [localhost] => {"chain": "FORWARD", "changed": false, "flush": false, "ip_version": "ipv4", "rule": "-m conntrack -j ACCEPT -i provisioning --ctstate ESTABLISHED,RELATED", "state": "absent", "table": "filter"}[0m
Wednesday 10 November 2021  15:48:41 +0000 (0:00:00.255)       0:00:02.997 **** 

TASK [firewall : iptables: Ironic Ports] ***************************************
[0;32mok: [localhost] => (item=6180) => {"ansible_loop_var": "item", "chain": "FORWARD", "changed": false, "flush": false, "ip_version": "ipv4", "item": "6180", "rule": "-p tcp -m tcp -j ACCEPT -i provisioning --destination-port 6180", "state": "absent", "table": "filter"}[0m
[0;32mok: [localhost] => (item=5050) => {"ansible_loop_var": "item", "chain": "FORWARD", "changed": false, "flush": false, "ip_version": "ipv4", "item": "5050", "rule": "-p tcp -m tcp -j ACCEPT -i provisioning --destination-port 5050", "state": "absent", "table": "filter"}[0m
[0;32mok: [localhost] => (item=6385) => {"ansible_loop_var": "item", "chain": "FORWARD", "changed": false, "flush": false, "ip_version": "ipv4", "item": "6385", "rule": "-p tcp -m tcp -j ACCEPT -i provisioning --destination-port 6385", "state": "absent", "table": "filter"}[0m
[0;32mok: [localhost] => (item=9999) => {"ansible_loop_var": "item", "chain": "FORWARD", "changed": false, "flush": false, "ip_version": "ipv4", "item": "9999", "rule": "-p tcp -m tcp -j ACCEPT -i provisioning --destination-port 9999", "state": "absent", "table": "filter"}[0m
[0;32mok: [localhost] => (item=80) => {"ansible_loop_var": "item", "chain": "FORWARD", "changed": false, "flush": false, "ip_version": "ipv4", "item": "80", "rule": "-p tcp -m tcp -j ACCEPT -i provisioning --destination-port 80", "state": "absent", "table": "filter"}[0m
Wednesday 10 November 2021  15:48:42 +0000 (0:00:01.190)       0:00:04.187 **** 

TASK [firewall : iptables: Provisioning host ports] ****************************
[0;32mok: [localhost] => (item=80) => {"ansible_loop_var": "item", "chain": "INPUT", "changed": false, "flush": false, "ip_version": "ipv4", "item": "80", "rule": "-p tcp -m tcp -j ACCEPT -i provisioning --destination-port 80", "state": "absent", "table": "filter"}[0m
[0;32mok: [localhost] => (item=5000) => {"ansible_loop_var": "item", "chain": "INPUT", "changed": false, "flush": false, "ip_version": "ipv4", "item": "5000", "rule": "-p tcp -m tcp -j ACCEPT -i provisioning --destination-port 5000", "state": "absent", "table": "filter"}[0m
[0;32mok: [localhost] => (item=53) => {"ansible_loop_var": "item", "chain": "INPUT", "changed": false, "flush": false, "ip_version": "ipv4", "item": "53", "rule": "-p tcp -m tcp -j ACCEPT -i provisioning --destination-port 53", "state": "absent", "table": "filter"}[0m
Wednesday 10 November 2021  15:48:43 +0000 (0:00:00.780)       0:00:04.968 **** 

TASK [firewall : iptables: PXE Ports] ******************************************
[0;32mok: [localhost] => (item=5353) => {"ansible_loop_var": "item", "chain": "FORWARD", "changed": false, "flush": false, "ip_version": "ipv4", "item": "5353", "rule": "-p udp -m udp -j ACCEPT -i provisioning --destination-port 5353", "state": "absent", "table": "filter"}[0m
[0;32mok: [localhost] => (item=67) => {"ansible_loop_var": "item", "chain": "FORWARD", "changed": false, "flush": false, "ip_version": "ipv4", "item": "67", "rule": "-p udp -m udp -j ACCEPT -i provisioning --destination-port 67", "state": "absent", "table": "filter"}[0m
[0;32mok: [localhost] => (item=68) => {"ansible_loop_var": "item", "chain": "FORWARD", "changed": false, "flush": false, "ip_version": "ipv4", "item": "68", "rule": "-p udp -m udp -j ACCEPT -i provisioning --destination-port 68", "state": "absent", "table": "filter"}[0m
[0;32mok: [localhost] => (item=546) => {"ansible_loop_var": "item", "chain": "FORWARD", "changed": false, "flush": false, "ip_version": "ipv4", "item": "546", "rule": "-p udp -m udp -j ACCEPT -i provisioning --destination-port 546", "state": "absent", "table": "filter"}[0m
[0;32mok: [localhost] => (item=547) => {"ansible_loop_var": "item", "chain": "FORWARD", "changed": false, "flush": false, "ip_version": "ipv4", "item": "547", "rule": "-p udp -m udp -j ACCEPT -i provisioning --destination-port 547", "state": "absent", "table": "filter"}[0m
[0;32mok: [localhost] => (item=69) => {"ansible_loop_var": "item", "chain": "FORWARD", "changed": false, "flush": false, "ip_version": "ipv4", "item": "69", "rule": "-p udp -m udp -j ACCEPT -i provisioning --destination-port 69", "state": "absent", "table": "filter"}[0m
Wednesday 10 November 2021  15:48:44 +0000 (0:00:01.398)       0:00:06.366 **** 

TASK [firewall : iptables: Ironic Endpoint Keepalived] *************************
[0;32mok: [localhost] => (item=112) => {"ansible_loop_var": "item", "chain": "FORWARD", "changed": false, "flush": false, "ip_version": "ipv4", "item": "112", "rule": "-p 112 -j ACCEPT -i provisioning", "state": "absent", "table": "filter"}[0m
[0;32mok: [localhost] => (item=icmp) => {"ansible_loop_var": "item", "chain": "FORWARD", "changed": false, "flush": false, "ip_version": "ipv4", "item": "icmp", "rule": "-p icmp -j ACCEPT -i provisioning", "state": "absent", "table": "filter"}[0m
Wednesday 10 November 2021  15:48:45 +0000 (0:00:00.496)       0:00:06.863 **** 

TASK [firewall : iptables: Allow access to baremetal network from kind] ********
[0;32mok: [localhost] => {"chain": "FORWARD", "changed": false, "flush": false, "ip_version": "ipv4", "rule": "-d 192.168.111.0/24 -j ACCEPT -o baremetal", "state": "absent", "table": "filter"}[0m

PLAY RECAP *********************************************************************
[0;32mlocalhost[0m                  : [0;32mok=11  [0m changed=0    unreachable=0    failed=0    [0;36mskipped=1   [0m rescued=0    [1;35mignored=1   [0m

Wednesday 10 November 2021  15:48:45 +0000 (0:00:00.309)       0:00:07.172 **** 
=============================================================================== 
firewall : iptables: PXE Ports ------------------------------------------ 1.40s
Gathering Facts --------------------------------------------------------- 1.29s
firewall : iptables: Ironic Ports --------------------------------------- 1.19s
+ [[ ubuntu == \c\e\n\t\o\s ]]
+ [[ ubuntu == \r\h\e\l ]]
+ sudo rm -rf '/var/log/libvirt/qemu/*serial0.log*'
+ rm -rf /home/capm3/.cluster-api
